d:\onedrive\onedrive - staffordshire university\foggs\year 1\semester 2\mazegame\mazegame\mazegame\release\vc142.pdb
d:\onedrive\onedrive - staffordshire university\foggs\year 1\semester 2\mazegame\mazegame\mazegame\release\texture2d.obj
d:\onedrive\onedrive - staffordshire university\foggs\year 1\semester 2\mazegame\mazegame\mazegame\release\sceneobject.obj
d:\onedrive\onedrive - staffordshire university\foggs\year 1\semester 2\mazegame\mazegame\mazegame\release\meshloader.obj
d:\onedrive\onedrive - staffordshire university\foggs\year 1\semester 2\mazegame\mazegame\mazegame\release\main.obj
d:\onedrive\onedrive - staffordshire university\foggs\year 1\semester 2\mazegame\mazegame\mazegame\release\levelmap.obj
d:\onedrive\onedrive - staffordshire university\foggs\year 1\semester 2\mazegame\mazegame\mazegame\release\glutcallbacks.obj
d:\onedrive\onedrive - staffordshire university\foggs\year 1\semester 2\mazegame\mazegame\mazegame\release\gameobject.obj
d:\onedrive\onedrive - staffordshire university\foggs\year 1\semester 2\mazegame\mazegame\mazegame\release\game.obj
d:\onedrive\onedrive - staffordshire university\foggs\year 1\semester 2\mazegame\mazegame\release\mazegame.exe
d:\onedrive\onedrive - staffordshire university\foggs\year 1\semester 2\mazegame\mazegame\release\mazegame.pdb
d:\onedrive\onedrive - staffordshire university\foggs\year 1\semester 2\mazegame\mazegame\release\mazegame.ipdb
d:\onedrive\onedrive - staffordshire university\foggs\year 1\semester 2\mazegame\mazegame\release\mazegame.iobj
d:\onedrive\onedrive - staffordshire university\foggs\year 1\semester 2\mazegame\mazegame\mazegame\release\mazegame.tlog\cl.command.1.tlog
d:\onedrive\onedrive - staffordshire university\foggs\year 1\semester 2\mazegame\mazegame\mazegame\release\mazegame.tlog\cl.read.1.tlog
d:\onedrive\onedrive - staffordshire university\foggs\year 1\semester 2\mazegame\mazegame\mazegame\release\mazegame.tlog\cl.write.1.tlog
d:\onedrive\onedrive - staffordshire university\foggs\year 1\semester 2\mazegame\mazegame\mazegame\release\mazegame.tlog\link.command.1.tlog
d:\onedrive\onedrive - staffordshire university\foggs\year 1\semester 2\mazegame\mazegame\mazegame\release\mazegame.tlog\link.delete.1.tlog
d:\onedrive\onedrive - staffordshire university\foggs\year 1\semester 2\mazegame\mazegame\mazegame\release\mazegame.tlog\link.read.1.tlog
d:\onedrive\onedrive - staffordshire university\foggs\year 1\semester 2\mazegame\mazegame\mazegame\release\mazegame.tlog\link.write.1.tlog
d:\onedrive\onedrive - staffordshire university\foggs\year 1\semester 2\mazegame\mazegame\mazegame\release\mazegame.tlog\mazegame.write.1u.tlog
