d:\onedrive\onedrive - staffordshire university\foggs\year 1\semester 2\mazegame\mazegame\mazegame\debug\game-desktop-jqaib3v.obj
d:\onedrive\onedrive - staffordshire university\foggs\year 1\semester 2\mazegame\mazegame\mazegame\debug\game.obj
d:\onedrive\onedrive - staffordshire university\foggs\year 1\semester 2\mazegame\mazegame\mazegame\debug\gameobject-desktop-jqaib3v.obj
d:\onedrive\onedrive - staffordshire university\foggs\year 1\semester 2\mazegame\mazegame\mazegame\debug\gameobject.obj
d:\onedrive\onedrive - staffordshire university\foggs\year 1\semester 2\mazegame\mazegame\mazegame\debug\glutcallbacks-desktop-jqaib3v.obj
d:\onedrive\onedrive - staffordshire university\foggs\year 1\semester 2\mazegame\mazegame\mazegame\debug\glutcallbacks.obj
d:\onedrive\onedrive - staffordshire university\foggs\year 1\semester 2\mazegame\mazegame\mazegame\debug\levelmap.obj
d:\onedrive\onedrive - staffordshire university\foggs\year 1\semester 2\mazegame\mazegame\mazegame\debug\main-desktop-jqaib3v.obj
d:\onedrive\onedrive - staffordshire university\foggs\year 1\semester 2\mazegame\mazegame\mazegame\debug\main.obj
d:\onedrive\onedrive - staffordshire university\foggs\year 1\semester 2\mazegame\mazegame\mazegame\debug\meshloader-desktop-jqaib3v.obj
d:\onedrive\onedrive - staffordshire university\foggs\year 1\semester 2\mazegame\mazegame\mazegame\debug\meshloader.obj
d:\onedrive\onedrive - staffordshire university\foggs\year 1\semester 2\mazegame\mazegame\mazegame\debug\sceneobject.obj
d:\onedrive\onedrive - staffordshire university\foggs\year 1\semester 2\mazegame\mazegame\mazegame\debug\texture2d.obj
d:\onedrive\onedrive - staffordshire university\foggs\year 1\semester 2\mazegame\mazegame\mazegame\debug\gameobject.obj.enc
d:\onedrive\onedrive - staffordshire university\foggs\year 1\semester 2\mazegame\mazegame\mazegame\debug\vc142.idb
d:\onedrive\onedrive - staffordshire university\foggs\year 1\semester 2\mazegame\mazegame\mazegame\debug\vc142.pdb
d:\onedrive\onedrive - staffordshire university\foggs\year 1\semester 2\mazegame\mazegame\debug\mazegame.pdb
d:\onedrive\onedrive - staffordshire university\foggs\year 1\semester 2\mazegame\mazegame\debug\mazegame.exe
d:\onedrive\onedrive - staffordshire university\foggs\year 1\semester 2\mazegame\mazegame\debug\mazegame.ilk
d:\onedrive\onedrive - staffordshire university\foggs\year 1\semester 2\mazegame\mazegame\mazegame\debug\mazegame.tlog\cl.command.1.tlog
d:\onedrive\onedrive - staffordshire university\foggs\year 1\semester 2\mazegame\mazegame\mazegame\debug\mazegame.tlog\link.command.1.tlog
